#
# There is insufficient memory for the Java Runtime Environment to continue.
# Native memory allocation (malloc) failed to allocate 559936 bytes for Chunk::new
# Possible reasons:
#   The system is out of physical RAM or swap space
#   The process is running with CompressedOops enabled, and the Java Heap may be blocking the growth of the native heap
# Possible solutions:
#   Reduce memory load on the system
#   Increase physical memory or swap space
#   Check if swap backing store is full
#   Decrease Java heap size (-Xmx/-Xms)
#   Decrease number of Java threads
#   Decrease Java thread stack sizes (-Xss)
#   Set larger code cache with -XX:ReservedCodeCacheSize=
#   JVM is running with Zero Based Compressed Oops mode in which the Java heap is
#     placed in the first 32GB address space. The Java Heap base address is the
#     maximum limit for the native heap growth. Please use -XX:HeapBaseMinAddress
#     to set the Java Heap base and to place the Java Heap above 32GB virtual address.
# This output file may be truncated or incomplete.
#
#  Out of Memory Error (./src/hotspot/share/memory/arena.cpp:197), pid=16860, tid=8592
#
# JRE version: OpenJDK Runtime Environment Temurin-11.0.14.1+1 (11.0.14.1+1) (build 11.0.14.1+1)
# Java VM: OpenJDK 64-Bit Server VM Temurin-11.0.14.1+1 (11.0.14.1+1, mixed mode, tiered, compressed oops, g1 gc, windows-amd64)
# No core dump will be written. Minidumps are not enabled by default on client versions of Windows
#

---------------  S U M M A R Y ------------

Command Line: -Dfile.encoding=UTF-8 -Dcom.android.sdklib.toolsdir=E:\Unity\2022.3.24f1\Editor\Data\PlaybackEngines\AndroidPlayer\SDK\cmdline-tools\6.0\bin\\.. com.android.sdklib.tool.sdkmanager.SdkManagerCli --list

Host: Intel(R) Core(TM) i5-6600K CPU @ 3.50GHz, 4 cores, 15G,  Windows 10 , 64 bit Build 19041 (10.0.19041.3636)
Time: Mon Jun 17 09:40:23 2024 RTZ 4 (зима) elapsed time: 8.453310 seconds (0d 0h 0m 8s)

---------------  T H R E A D  ---------------

Current thread (0x0000029ecedad800):  JavaThread "C2 CompilerThread1" daemon [_thread_in_native, id=8592, stack(0x000000c218b00000,0x000000c218c00000)]


Current CompileTask:
C2:   8453 2606       4       sun.security.util.AbstractAlgorithmConstraints::checkAlgorithm (87 bytes)

Stack: [0x000000c218b00000,0x000000c218c00000]
Native frames: (J=compiled Java code, j=interpreted, Vv=VM code, C=native code)
V  [jvm.dll+0x61e59a]
V  [jvm.dll+0x7aaca9]
V  [jvm.dll+0x7ac398]
V  [jvm.dll+0x7aca73]
V  [jvm.dll+0x24f9b8]
V  [jvm.dll+0xc260c]
V  [jvm.dll+0xc2bcc]
V  [jvm.dll+0x2c1884]
V  [jvm.dll+0x52d899]
V  [jvm.dll+0x20a2f9]
V  [jvm.dll+0x207ccb]
V  [jvm.dll+0x18a2c1]
V  [jvm.dll+0x217734]
V  [jvm.dll+0x21597b]
V  [jvm.dll+0x76d7c0]
V  [jvm.dll+0x766724]
V  [jvm.dll+0x61d3f6]
C  [ucrtbase.dll+0x21bb2]
C  [KERNEL32.DLL+0x17344]
C  [ntdll.dll+0x526b1]


---------------  P R O C E S S  ---------------

Threads class SMR info:
_java_thread_list=0x0000029eceaf1a50, length=12, elements={
0x0000029ea9dc9800, 0x0000029ecd13f800, 0x0000029ecd149000, 0x0000029ecda21800,
0x0000029ecda22800, 0x0000029ecda24000, 0x0000029ecda28800, 0x0000029ecda2c000,
0x0000029ecda3c800, 0x0000029ecdbbc000, 0x0000029ecef8a000, 0x0000029ecedad800
}

Java Threads: ( => current thread )
  0x0000029ea9dc9800 JavaThread "main" [_thread_in_Java, id=19552, stack(0x000000c217600000,0x000000c217700000)]
  0x0000029ecd13f800 JavaThread "Reference Handler" daemon [_thread_blocked, id=17184, stack(0x000000c217e00000,0x000000c217f00000)]
  0x0000029ecd149000 JavaThread "Finalizer" daemon [_thread_blocked, id=19196, stack(0x000000c217f00000,0x000000c218000000)]
  0x0000029ecda21800 JavaThread "Signal Dispatcher" daemon [_thread_blocked, id=17164, stack(0x000000c218000000,0x000000c218100000)]
  0x0000029ecda22800 JavaThread "Attach Listener" daemon [_thread_blocked, id=16140, stack(0x000000c218100000,0x000000c218200000)]
  0x0000029ecda24000 JavaThread "Service Thread" daemon [_thread_blocked, id=5032, stack(0x000000c218200000,0x000000c218300000)]
  0x0000029ecda28800 JavaThread "C2 CompilerThread0" daemon [_thread_in_native, id=10444, stack(0x000000c218300000,0x000000c218400000)]
  0x0000029ecda2c000 JavaThread "C1 CompilerThread0" daemon [_thread_in_native, id=6120, stack(0x000000c218400000,0x000000c218500000)]
  0x0000029ecda3c800 JavaThread "Sweeper thread" daemon [_thread_blocked, id=17152, stack(0x000000c218500000,0x000000c218600000)]
  0x0000029ecdbbc000 JavaThread "Common-Cleaner" daemon [_thread_blocked, id=11836, stack(0x000000c218700000,0x000000c218800000)]
  0x0000029ecef8a000 JavaThread "Keep-Alive-Timer" daemon [_thread_blocked, id=14384, stack(0x000000c218d00000,0x000000c218e00000)]
=>0x0000029ecedad800 JavaThread "C2 CompilerThread1" daemon [_thread_in_native, id=8592, stack(0x000000c218b00000,0x000000c218c00000)]

Other Threads:
  0x0000029ecd13b800 VMThread "VM Thread" [stack: 0x000000c217d00000,0x000000c217e00000] [id=13028]
  0x0000029ecdbb4000 WatcherThread [stack: 0x000000c218600000,0x000000c218700000] [id=16968]
  0x0000029ea9dde000 GCTaskThread "GC Thread#0" [stack: 0x000000c217800000,0x000000c217900000] [id=10860]
  0x0000029ecdf8c000 GCTaskThread "GC Thread#1" [stack: 0x000000c218800000,0x000000c218900000] [id=7224]
  0x0000029ece019800 GCTaskThread "GC Thread#2" [stack: 0x000000c218900000,0x000000c218a00000] [id=12096]
  0x0000029ecdad0000 GCTaskThread "GC Thread#3" [stack: 0x000000c218a00000,0x000000c218b00000] [id=15280]
  0x0000029ea9e38000 ConcurrentGCThread "G1 Main Marker" [stack: 0x000000c217900000,0x000000c217a00000] [id=13952]
  0x0000029ea9e3b800 ConcurrentGCThread "G1 Conc#0" [stack: 0x000000c217a00000,0x000000c217b00000] [id=12212]
  0x0000029ecd000800 ConcurrentGCThread "G1 Refine#0" [stack: 0x000000c217b00000,0x000000c217c00000] [id=17732]
  0x0000029ecd001800 ConcurrentGCThread "G1 Young RemSet Sampling" [stack: 0x000000c217c00000,0x000000c217d00000] [id=11532]

Threads with active compile tasks:
C2 CompilerThread0   8854 2794   !   4       com.sun.org.apache.xerces.internal.impl.XMLDocumentFragmentScannerImpl$FragmentContentDriver::next (2329 bytes)
C1 CompilerThread0   8854 2723   !   3       jdk.xml.internal.SecuritySupport::readJAXPProperty (147 bytes)
C2 CompilerThread1   8854 2606       4       sun.security.util.AbstractAlgorithmConstraints::checkAlgorithm (87 bytes)

VM state:not at safepoint (normal execution)

VM Mutex/Monitor currently owned by a thread: None

Heap address: 0x0000000701c00000, size: 4068 MB, Compressed Oops mode: Zero based, Oop shift amount: 3
Narrow klass base: 0x0000000800000000, Narrow klass shift: 0
Compressed class space size: 1073741824 Address: 0x0000000800000000

Heap:
 garbage-first heap   total 262144K, used 40580K [0x0000000701c00000, 0x0000000800000000)
  region size 1024K, 36 young (36864K), 5 survivors (5120K)
 Metaspace       used 24973K, capacity 25422K, committed 25472K, reserved 1075200K
  class space    used 2534K, capacity 2680K, committed 2688K, reserved 1048576K
Heap Regions: E=young(eden), S=young(survivor), O=old, HS=humongous(starts), HC=humongous(continues), CS=collection set, F=free, A=archive, TAMS=top-at-mark-start (previous, next)
|   0|0x0000000701c00000, 0x0000000701d00000, 0x0000000701d00000|100%| O|  |TAMS 0x0000000701c00000, 0x0000000701c00000| Untracked 
|   1|0x0000000701d00000, 0x0000000701e00000, 0x0000000701e00000|100%| O|  |TAMS 0x0000000701db4000, 0x0000000701d00000| Untracked 
|   2|0x0000000701e00000, 0x0000000701f00000, 0x0000000701f00000|100%| O|  |TAMS 0x0000000701e00000, 0x0000000701e00000| Untracked 
|   3|0x0000000701f00000, 0x0000000702000000, 0x0000000702000000|100%| O|  |TAMS 0x0000000701f00000, 0x0000000701f00000| Untracked 
|   4|0x0000000702000000, 0x0000000702100000, 0x0000000702100000|100%| O|  |TAMS 0x0000000702000000, 0x0000000702000000| Untracked 
|   5|0x0000000702100000, 0x0000000702200000, 0x0000000702200000|100%| O|  |TAMS 0x0000000702100000, 0x0000000702100000| Untracked 
|   6|0x0000000702200000, 0x0000000702219400, 0x0000000702300000|  9%| O|  |TAMS 0x0000000702200000, 0x0000000702200000| Untracked 
|   7|0x0000000702300000, 0x0000000702300000, 0x0000000702400000|  0%| F|  |TAMS 0x0000000702300000, 0x0000000702300000| Untracked 
|   8|0x0000000702400000, 0x0000000702400000, 0x0000000702500000|  0%| F|  |TAMS 0x0000000702400000, 0x0000000702400000| Untracked 
|   9|0x0000000702500000, 0x0000000702500000, 0x0000000702600000|  0%| F|  |TAMS 0x0000000702500000, 0x0000000702500000| Untracked 
|  10|0x0000000702600000, 0x0000000702600000, 0x0000000702700000|  0%| F|  |TAMS 0x0000000702600000, 0x0000000702600000| Untracked 
|  11|0x0000000702700000, 0x0000000702700000, 0x0000000702800000|  0%| F|  |TAMS 0x0000000702700000, 0x0000000702700000| Untracked 
|  12|0x0000000702800000, 0x0000000702800000, 0x0000000702900000|  0%| F|  |TAMS 0x0000000702800000, 0x0000000702800000| Untracked 
|  13|0x0000000702900000, 0x0000000702900000, 0x0000000702a00000|  0%| F|  |TAMS 0x0000000702900000, 0x0000000702900000| Untracked 
|  14|0x0000000702a00000, 0x0000000702a00000, 0x0000000702b00000|  0%| F|  |TAMS 0x0000000702a00000, 0x0000000702a00000| Untracked 
|  15|0x0000000702b00000, 0x0000000702b00000, 0x0000000702c00000|  0%| F|  |TAMS 0x0000000702b00000, 0x0000000702b00000| Untracked 
|  16|0x0000000702c00000, 0x0000000702c00000, 0x0000000702d00000|  0%| F|  |TAMS 0x0000000702c00000, 0x0000000702c00000| Untracked 
|  17|0x0000000702d00000, 0x0000000702d00000, 0x0000000702e00000|  0%| F|  |TAMS 0x0000000702d00000, 0x0000000702d00000| Untracked 
|  18|0x0000000702e00000, 0x0000000702e00000, 0x0000000702f00000|  0%| F|  |TAMS 0x0000000702e00000, 0x0000000702e00000| Untracked 
|  19|0x0000000702f00000, 0x0000000702f00000, 0x0000000703000000|  0%| F|  |TAMS 0x0000000702f00000, 0x0000000702f00000| Untracked 
|  20|0x0000000703000000, 0x0000000703000000, 0x0000000703100000|  0%| F|  |TAMS 0x0000000703000000, 0x0000000703000000| Untracked 
|  21|0x0000000703100000, 0x0000000703100000, 0x0000000703200000|  0%| F|  |TAMS 0x0000000703100000, 0x0000000703100000| Untracked 
|  22|0x0000000703200000, 0x0000000703200000, 0x0000000703300000|  0%| F|  |TAMS 0x0000000703200000, 0x0000000703200000| Untracked 
|  23|0x0000000703300000, 0x0000000703300000, 0x0000000703400000|  0%| F|  |TAMS 0x0000000703300000, 0x0000000703300000| Untracked 
|  24|0x0000000703400000, 0x0000000703400000, 0x0000000703500000|  0%| F|  |TAMS 0x0000000703400000, 0x0000000703400000| Untracked 
|  25|0x0000000703500000, 0x0000000703500000, 0x0000000703600000|  0%| F|  |TAMS 0x0000000703500000, 0x0000000703500000| Untracked 
|  26|0x0000000703600000, 0x0000000703600000, 0x0000000703700000|  0%| F|  |TAMS 0x0000000703600000, 0x0000000703600000| Untracked 
|  27|0x0000000703700000, 0x0000000703700000, 0x0000000703800000|  0%| F|  |TAMS 0x0000000703700000, 0x0000000703700000| Untracked 
|  28|0x0000000703800000, 0x0000000703800000, 0x0000000703900000|  0%| F|  |TAMS 0x0000000703800000, 0x0000000703800000| Untracked 
|  29|0x0000000703900000, 0x0000000703900000, 0x0000000703a00000|  0%| F|  |TAMS 0x0000000703900000, 0x0000000703900000| Untracked 
|  30|0x0000000703a00000, 0x0000000703a00000, 0x0000000703b00000|  0%| F|  |TAMS 0x0000000703a00000, 0x0000000703a00000| Untracked 
|  31|0x0000000703b00000, 0x0000000703b00000, 0x0000000703c00000|  0%| F|  |TAMS 0x0000000703b00000, 0x0000000703b00000| Untracked 
|  32|0x0000000703c00000, 0x0000000703c00000, 0x0000000703d00000|  0%| F|  |TAMS 0x0000000703c00000, 0x0000000703c00000| Untracked 
|  33|0x0000000703d00000, 0x0000000703d00000, 0x0000000703e00000|  0%| F|  |TAMS 0x0000000703d00000, 0x0000000703d00000| Untracked 
|  34|0x0000000703e00000, 0x0000000703e00000, 0x0000000703f00000|  0%| F|  |TAMS 0x0000000703e00000, 0x0000000703e00000| Untracked 
|  35|0x0000000703f00000, 0x0000000703f00000, 0x0000000704000000|  0%| F|  |TAMS 0x0000000703f00000, 0x0000000703f00000| Untracked 
|  36|0x0000000704000000, 0x0000000704000000, 0x0000000704100000|  0%| F|  |TAMS 0x0000000704000000, 0x0000000704000000| Untracked 
|  37|0x0000000704100000, 0x0000000704100000, 0x0000000704200000|  0%| F|  |TAMS 0x0000000704100000, 0x0000000704100000| Untracked 
|  38|0x0000000704200000, 0x0000000704200000, 0x0000000704300000|  0%| F|  |TAMS 0x0000000704200000, 0x0000000704200000| Untracked 
|  39|0x0000000704300000, 0x0000000704300000, 0x0000000704400000|  0%| F|  |TAMS 0x0000000704300000, 0x0000000704300000| Untracked 
|  40|0x0000000704400000, 0x0000000704400000, 0x0000000704500000|  0%| F|  |TAMS 0x0000000704400000, 0x0000000704400000| Untracked 
|  41|0x0000000704500000, 0x0000000704500000, 0x0000000704600000|  0%| F|  |TAMS 0x0000000704500000, 0x0000000704500000| Untracked 
|  42|0x0000000704600000, 0x0000000704600000, 0x0000000704700000|  0%| F|  |TAMS 0x0000000704600000, 0x0000000704600000| Untracked 
|  43|0x0000000704700000, 0x0000000704700000, 0x0000000704800000|  0%| F|  |TAMS 0x0000000704700000, 0x0000000704700000| Untracked 
|  44|0x0000000704800000, 0x0000000704800000, 0x0000000704900000|  0%| F|  |TAMS 0x0000000704800000, 0x0000000704800000| Untracked 
|  45|0x0000000704900000, 0x0000000704900000, 0x0000000704a00000|  0%| F|  |TAMS 0x0000000704900000, 0x0000000704900000| Untracked 
|  46|0x0000000704a00000, 0x0000000704a00000, 0x0000000704b00000|  0%| F|  |TAMS 0x0000000704a00000, 0x0000000704a00000| Untracked 
|  47|0x0000000704b00000, 0x0000000704b00000, 0x0000000704c00000|  0%| F|  |TAMS 0x0000000704b00000, 0x0000000704b00000| Untracked 
|  48|0x0000000704c00000, 0x0000000704c00000, 0x0000000704d00000|  0%| F|  |TAMS 0x0000000704c00000, 0x0000000704c00000| Untracked 
|  49|0x0000000704d00000, 0x0000000704d00000, 0x0000000704e00000|  0%| F|  |TAMS 0x0000000704d00000, 0x0000000704d00000| Untracked 
|  50|0x0000000704e00000, 0x0000000704e00000, 0x0000000704f00000|  0%| F|  |TAMS 0x0000000704e00000, 0x0000000704e00000| Untracked 
|  51|0x0000000704f00000, 0x0000000704f00000, 0x0000000705000000|  0%| F|  |TAMS 0x0000000704f00000, 0x0000000704f00000| Untracked 
|  52|0x0000000705000000, 0x0000000705000000, 0x0000000705100000|  0%| F|  |TAMS 0x0000000705000000, 0x0000000705000000| Untracked 
|  53|0x0000000705100000, 0x0000000705100000, 0x0000000705200000|  0%| F|  |TAMS 0x0000000705100000, 0x0000000705100000| Untracked 
|  54|0x0000000705200000, 0x0000000705200000, 0x0000000705300000|  0%| F|  |TAMS 0x0000000705200000, 0x0000000705200000| Untracked 
|  55|0x0000000705300000, 0x0000000705300000, 0x0000000705400000|  0%| F|  |TAMS 0x0000000705300000, 0x0000000705300000| Untracked 
|  56|0x0000000705400000, 0x0000000705400000, 0x0000000705500000|  0%| F|  |TAMS 0x0000000705400000, 0x0000000705400000| Untracked 
|  57|0x0000000705500000, 0x0000000705500000, 0x0000000705600000|  0%| F|  |TAMS 0x0000000705500000, 0x0000000705500000| Untracked 
|  58|0x0000000705600000, 0x0000000705600000, 0x0000000705700000|  0%| F|  |TAMS 0x0000000705600000, 0x0000000705600000| Untracked 
|  59|0x0000000705700000, 0x0000000705700000, 0x0000000705800000|  0%| F|  |TAMS 0x0000000705700000, 0x0000000705700000| Untracked 
|  60|0x0000000705800000, 0x0000000705800000, 0x0000000705900000|  0%| F|  |TAMS 0x0000000705800000, 0x0000000705800000| Untracked 
|  61|0x0000000705900000, 0x0000000705900000, 0x0000000705a00000|  0%| F|  |TAMS 0x0000000705900000, 0x0000000705900000| Untracked 
|  62|0x0000000705a00000, 0x0000000705a00000, 0x0000000705b00000|  0%| F|  |TAMS 0x0000000705a00000, 0x0000000705a00000| Untracked 
|  63|0x0000000705b00000, 0x0000000705b00000, 0x0000000705c00000|  0%| F|  |TAMS 0x0000000705b00000, 0x0000000705b00000| Untracked 
|  64|0x0000000705c00000, 0x0000000705c00000, 0x0000000705d00000|  0%| F|  |TAMS 0x0000000705c00000, 0x0000000705c00000| Untracked 
|  65|0x0000000705d00000, 0x0000000705d00000, 0x0000000705e00000|  0%| F|  |TAMS 0x0000000705d00000, 0x0000000705d00000| Untracked 
|  66|0x0000000705e00000, 0x0000000705e00000, 0x0000000705f00000|  0%| F|  |TAMS 0x0000000705e00000, 0x0000000705e00000| Untracked 
|  67|0x0000000705f00000, 0x0000000705f00000, 0x0000000706000000|  0%| F|  |TAMS 0x0000000705f00000, 0x0000000705f00000| Untracked 
|  68|0x0000000706000000, 0x0000000706000000, 0x0000000706100000|  0%| F|  |TAMS 0x0000000706000000, 0x0000000706000000| Untracked 
|  69|0x0000000706100000, 0x0000000706100000, 0x0000000706200000|  0%| F|  |TAMS 0x0000000706100000, 0x0000000706100000| Untracked 
|  70|0x0000000706200000, 0x0000000706200000, 0x0000000706300000|  0%| F|  |TAMS 0x0000000706200000, 0x0000000706200000| Untracked 
|  71|0x0000000706300000, 0x0000000706300000, 0x0000000706400000|  0%| F|  |TAMS 0x0000000706300000, 0x0000000706300000| Untracked 
|  72|0x0000000706400000, 0x0000000706400000, 0x0000000706500000|  0%| F|  |TAMS 0x0000000706400000, 0x0000000706400000| Untracked 
|  73|0x0000000706500000, 0x0000000706500000, 0x0000000706600000|  0%| F|  |TAMS 0x0000000706500000, 0x0000000706500000| Untracked 
|  74|0x0000000706600000, 0x0000000706600000, 0x0000000706700000|  0%| F|  |TAMS 0x0000000706600000, 0x0000000706600000| Untracked 
|  75|0x0000000706700000, 0x0000000706700000, 0x0000000706800000|  0%| F|  |TAMS 0x0000000706700000, 0x0000000706700000| Untracked 
|  76|0x0000000706800000, 0x0000000706800000, 0x0000000706900000|  0%| F|  |TAMS 0x0000000706800000, 0x0000000706800000| Untracked 
|  77|0x0000000706900000, 0x0000000706900000, 0x0000000706a00000|  0%| F|  |TAMS 0x0000000706900000, 0x0000000706900000| Untracked 
|  78|0x0000000706a00000, 0x0000000706a00000, 0x0000000706b00000|  0%| F|  |TAMS 0x0000000706a00000, 0x0000000706a00000| Untracked 
|  79|0x0000000706b00000, 0x0000000706b00000, 0x0000000706c00000|  0%| F|  |TAMS 0x0000000706b00000, 0x0000000706b00000| Untracked 
|  80|0x0000000706c00000, 0x0000000706c00000, 0x0000000706d00000|  0%| F|  |TAMS 0x0000000706c00000, 0x0000000706c00000| Untracked 
|  81|0x0000000706d00000, 0x0000000706d00000, 0x0000000706e00000|  0%| F|  |TAMS 0x0000000706d00000, 0x0000000706d00000| Untracked 
|  82|0x0000000706e00000, 0x0000000706e00000, 0x0000000706f00000|  0%| F|  |TAMS 0x0000000706e00000, 0x0000000706e00000| Untracked 
|  83|0x0000000706f00000, 0x0000000706f00000, 0x0000000707000000|  0%| F|  |TAMS 0x0000000706f00000, 0x0000000706f00000| Untracked 
|  84|0x0000000707000000, 0x0000000707000000, 0x0000000707100000|  0%| F|  |TAMS 0x0000000707000000, 0x0000000707000000| Untracked 
|  85|0x0000000707100000, 0x0000000707100000, 0x0000000707200000|  0%| F|  |TAMS 0x0000000707100000, 0x0000000707100000| Untracked 
|  86|0x0000000707200000, 0x0000000707200000, 0x0000000707300000|  0%| F|  |TAMS 0x0000000707200000, 0x0000000707200000| Untracked 
|  87|0x0000000707300000, 0x0000000707300000, 0x0000000707400000|  0%| F|  |TAMS 0x0000000707300000, 0x0000000707300000| Untracked 
|  88|0x0000000707400000, 0x0000000707400000, 0x0000000707500000|  0%| F|  |TAMS 0x0000000707400000, 0x0000000707400000| Untracked 
|  89|0x0000000707500000, 0x0000000707500000, 0x0000000707600000|  0%| F|  |TAMS 0x0000000707500000, 0x0000000707500000| Untracked 
|  90|0x0000000707600000, 0x0000000707600000, 0x0000000707700000|  0%| F|  |TAMS 0x0000000707600000, 0x0000000707600000| Untracked 
|  91|0x0000000707700000, 0x0000000707700000, 0x0000000707800000|  0%| F|  |TAMS 0x0000000707700000, 0x0000000707700000| Untracked 
|  92|0x0000000707800000, 0x0000000707800000, 0x0000000707900000|  0%| F|  |TAMS 0x0000000707800000, 0x0000000707800000| Untracked 
|  93|0x0000000707900000, 0x0000000707900000, 0x0000000707a00000|  0%| F|  |TAMS 0x0000000707900000, 0x0000000707900000| Untracked 
|  94|0x0000000707a00000, 0x0000000707a00000, 0x0000000707b00000|  0%| F|  |TAMS 0x0000000707a00000, 0x0000000707a00000| Untracked 
|  95|0x0000000707b00000, 0x0000000707b00000, 0x0000000707c00000|  0%| F|  |TAMS 0x0000000707b00000, 0x0000000707b00000| Untracked 
|  96|0x0000000707c00000, 0x0000000707c00000, 0x0000000707d00000|  0%| F|  |TAMS 0x0000000707c00000, 0x0000000707c00000| Untracked 
|  97|0x0000000707d00000, 0x0000000707d00000, 0x0000000707e00000|  0%| F|  |TAMS 0x0000000707d00000, 0x0000000707d00000| Untracked 
|  98|0x0000000707e00000, 0x0000000707e00000, 0x0000000707f00000|  0%| F|  |TAMS 0x0000000707e00000, 0x0000000707e00000| Untracked 
|  99|0x0000000707f00000, 0x0000000707f00000, 0x0000000708000000|  0%| F|  |TAMS 0x0000000707f00000, 0x0000000707f00000| Untracked 
| 100|0x0000000708000000, 0x0000000708000000, 0x0000000708100000|  0%| F|  |TAMS 0x0000000708000000, 0x0000000708000000| Untracked 
| 101|0x0000000708100000, 0x0000000708100000, 0x0000000708200000|  0%| F|  |TAMS 0x0000000708100000, 0x0000000708100000| Untracked 
| 102|0x0000000708200000, 0x0000000708200000, 0x0000000708300000|  0%| F|  |TAMS 0x0000000708200000, 0x0000000708200000| Untracked 
| 103|0x0000000708300000, 0x0000000708300000, 0x0000000708400000|  0%| F|  |TAMS 0x0000000708300000, 0x0000000708300000| Untracked 
| 104|0x0000000708400000, 0x0000000708400000, 0x0000000708500000|  0%| F|  |TAMS 0x0000000708400000, 0x0000000708400000| Untracked 
| 105|0x0000000708500000, 0x0000000708500000, 0x0000000708600000|  0%| F|  |TAMS 0x0000000708500000, 0x0000000708500000| Untracked 
| 106|0x0000000708600000, 0x0000000708600000, 0x0000000708700000|  0%| F|  |TAMS 0x0000000708600000, 0x0000000708600000| Untracked 
| 107|0x0000000708700000, 0x0000000708700000, 0x0000000708800000|  0%| F|  |TAMS 0x0000000708700000, 0x0000000708700000| Untracked 
| 108|0x0000000708800000, 0x0000000708800000, 0x0000000708900000|  0%| F|  |TAMS 0x0000000708800000, 0x0000000708800000| Untracked 
| 109|0x0000000708900000, 0x0000000708900000, 0x0000000708a00000|  0%| F|  |TAMS 0x0000000708900000, 0x0000000708900000| Untracked 
| 110|0x0000000708a00000, 0x0000000708a00000, 0x0000000708b00000|  0%| F|  |TAMS 0x0000000708a00000, 0x0000000708a00000| Untracked 
| 111|0x0000000708b00000, 0x0000000708b00000, 0x0000000708c00000|  0%| F|  |TAMS 0x0000000708b00000, 0x0000000708b00000| Untracked 
| 112|0x0000000708c00000, 0x0000000708c00000, 0x0000000708d00000|  0%| F|  |TAMS 0x0000000708c00000, 0x0000000708c00000| Untracked 
| 113|0x0000000708d00000, 0x0000000708d00000, 0x0000000708e00000|  0%| F|  |TAMS 0x0000000708d00000, 0x0000000708d00000| Untracked 
| 114|0x0000000708e00000, 0x0000000708e00000, 0x0000000708f00000|  0%| F|  |TAMS 0x0000000708e00000, 0x0000000708e00000| Untracked 
| 115|0x0000000708f00000, 0x0000000708f00000, 0x0000000709000000|  0%| F|  |TAMS 0x0000000708f00000, 0x0000000708f00000| Untracked 
| 116|0x0000000709000000, 0x0000000709000000, 0x0000000709100000|  0%| F|  |TAMS 0x0000000709000000, 0x0000000709000000| Untracked 
| 117|0x0000000709100000, 0x0000000709100000, 0x0000000709200000|  0%| F|  |TAMS 0x0000000709100000, 0x0000000709100000| Untracked 
| 118|0x0000000709200000, 0x0000000709200000, 0x0000000709300000|  0%| F|  |TAMS 0x0000000709200000, 0x0000000709200000| Untracked 
| 119|0x0000000709300000, 0x0000000709300000, 0x0000000709400000|  0%| F|  |TAMS 0x0000000709300000, 0x0000000709300000| Untracked 
| 120|0x0000000709400000, 0x0000000709400000, 0x0000000709500000|  0%| F|  |TAMS 0x0000000709400000, 0x0000000709400000| Untracked 
| 121|0x0000000709500000, 0x0000000709500000, 0x0000000709600000|  0%| F|  |TAMS 0x0000000709500000, 0x0000000709500000| Untracked 
| 122|0x0000000709600000, 0x0000000709600000, 0x0000000709700000|  0%| F|  |TAMS 0x0000000709600000, 0x0000000709600000| Untracked 
| 123|0x0000000709700000, 0x0000000709700000, 0x0000000709800000|  0%| F|  |TAMS 0x0000000709700000, 0x0000000709700000| Untracked 
| 124|0x0000000709800000, 0x0000000709800000, 0x0000000709900000|  0%| F|  |TAMS 0x0000000709800000, 0x0000000709800000| Untracked 
| 125|0x0000000709900000, 0x0000000709900000, 0x0000000709a00000|  0%| F|  |TAMS 0x0000000709900000, 0x0000000709900000| Untracked 
| 126|0x0000000709a00000, 0x0000000709a00000, 0x0000000709b00000|  0%| F|  |TAMS 0x0000000709a00000, 0x0000000709a00000| Untracked 
| 127|0x0000000709b00000, 0x0000000709b00000, 0x0000000709c00000|  0%| F|  |TAMS 0x0000000709b00000, 0x0000000709b00000| Untracked 
| 128|0x0000000709c00000, 0x0000000709c00000, 0x0000000709d00000|  0%| F|  |TAMS 0x0000000709c00000, 0x0000000709c00000| Untracked 
| 129|0x0000000709d00000, 0x0000000709d00000, 0x0000000709e00000|  0%| F|  |TAMS 0x0000000709d00000, 0x0000000709d00000| Untracked 
| 130|0x0000000709e00000, 0x0000000709e00000, 0x0000000709f00000|  0%| F|  |TAMS 0x0000000709e00000, 0x0000000709e00000| Untracked 
| 131|0x0000000709f00000, 0x0000000709f00000, 0x000000070a000000|  0%| F|  |TAMS 0x0000000709f00000, 0x0000000709f00000| Untracked 
| 132|0x000000070a000000, 0x000000070a000000, 0x000000070a100000|  0%| F|  |TAMS 0x000000070a000000, 0x000000070a000000| Untracked 
| 133|0x000000070a100000, 0x000000070a100000, 0x000000070a200000|  0%| F|  |TAMS 0x000000070a100000, 0x000000070a100000| Untracked 
| 134|0x000000070a200000, 0x000000070a200000, 0x000000070a300000|  0%| F|  |TAMS 0x000000070a200000, 0x000000070a200000| Untracked 
| 135|0x000000070a300000, 0x000000070a300000, 0x000000070a400000|  0%| F|  |TAMS 0x000000070a300000, 0x000000070a300000| Untracked 
| 136|0x000000070a400000, 0x000000070a400000, 0x000000070a500000|  0%| F|  |TAMS 0x000000070a400000, 0x000000070a400000| Untracked 
| 137|0x000000070a500000, 0x000000070a500000, 0x000000070a600000|  0%| F|  |TAMS 0x000000070a500000, 0x000000070a500000| Untracked 
| 138|0x000000070a600000, 0x000000070a600000, 0x000000070a700000|  0%| F|  |TAMS 0x000000070a600000, 0x000000070a600000| Untracked 
| 139|0x000000070a700000, 0x000000070a700000, 0x000000070a800000|  0%| F|  |TAMS 0x000000070a700000, 0x000000070a700000| Untracked 
| 140|0x000000070a800000, 0x000000070a800000, 0x000000070a900000|  0%| F|  |TAMS 0x000000070a800000, 0x000000070a800000| Untracked 
| 141|0x000000070a900000, 0x000000070a900000, 0x000000070aa00000|  0%| F|  |TAMS 0x000000070a900000, 0x000000070a900000| Untracked 
| 142|0x000000070aa00000, 0x000000070aa00000, 0x000000070ab00000|  0%| F|  |TAMS 0x000000070aa00000, 0x000000070aa00000| Untracked 
| 143|0x000000070ab00000, 0x000000070ab00000, 0x000000070ac00000|  0%| F|  |TAMS 0x000000070ab00000, 0x000000070ab00000| Untracked 
| 144|0x000000070ac00000, 0x000000070ac00000, 0x000000070ad00000|  0%| F|  |TAMS 0x000000070ac00000, 0x000000070ac00000| Untracked 
| 145|0x000000070ad00000, 0x000000070ad00000, 0x000000070ae00000|  0%| F|  |TAMS 0x000000070ad00000, 0x000000070ad00000| Untracked 
| 146|0x000000070ae00000, 0x000000070ae00000, 0x000000070af00000|  0%| F|  |TAMS 0x000000070ae00000, 0x000000070ae00000| Untracked 
| 147|0x000000070af00000, 0x000000070af00000, 0x000000070b000000|  0%| F|  |TAMS 0x000000070af00000, 0x000000070af00000| Untracked 
| 148|0x000000070b000000, 0x000000070b000000, 0x000000070b100000|  0%| F|  |TAMS 0x000000070b000000, 0x000000070b000000| Untracked 
| 149|0x000000070b100000, 0x000000070b100000, 0x000000070b200000|  0%| F|  |TAMS 0x000000070b100000, 0x000000070b100000| Untracked 
| 150|0x000000070b200000, 0x000000070b200000, 0x000000070b300000|  0%| F|  |TAMS 0x000000070b200000, 0x000000070b200000| Untracked 
| 151|0x000000070b300000, 0x000000070b300000, 0x000000070b400000|  0%| F|  |TAMS 0x000000070b300000, 0x000000070b300000| Untracked 
| 152|0x000000070b400000, 0x000000070b400000, 0x000000070b500000|  0%| F|  |TAMS 0x000000070b400000, 0x000000070b400000| Untracked 
| 153|0x000000070b500000, 0x000000070b500000, 0x000000070b600000|  0%| F|  |TAMS 0x000000070b500000, 0x000000070b500000| Untracked 
| 154|0x000000070b600000, 0x000000070b600000, 0x000000070b700000|  0%| F|  |TAMS 0x000000070b600000, 0x000000070b600000| Untracked 
| 155|0x000000070b700000, 0x000000070b700000, 0x000000070b800000|  0%| F|  |TAMS 0x000000070b700000, 0x000000070b700000| Untracked 
| 156|0x000000070b800000, 0x000000070b800000, 0x000000070b900000|  0%| F|  |TAMS 0x000000070b800000, 0x000000070b800000| Untracked 
| 157|0x000000070b900000, 0x000000070b900000, 0x000000070ba00000|  0%| F|  |TAMS 0x000000070b900000, 0x000000070b900000| Untracked 
| 158|0x000000070ba00000, 0x000000070ba00000, 0x000000070bb00000|  0%| F|  |TAMS 0x000000070ba00000, 0x000000070ba00000| Untracked 
| 159|0x000000070bb00000, 0x000000070bb00000, 0x000000070bc00000|  0%| F|  |TAMS 0x000000070bb00000, 0x000000070bb00000| Untracked 
| 160|0x000000070bc00000, 0x000000070bc00000, 0x000000070bd00000|  0%| F|  |TAMS 0x000000070bc00000, 0x000000070bc00000| Untracked 
| 161|0x000000070bd00000, 0x000000070bd00000, 0x000000070be00000|  0%| F|  |TAMS 0x000000070bd00000, 0x000000070bd00000| Untracked 
| 162|0x000000070be00000, 0x000000070be00000, 0x000000070bf00000|  0%| F|  |TAMS 0x000000070be00000, 0x000000070be00000| Untracked 
| 163|0x000000070bf00000, 0x000000070bf00000, 0x000000070c000000|  0%| F|  |TAMS 0x000000070bf00000, 0x000000070bf00000| Untracked 
| 164|0x000000070c000000, 0x000000070c000000, 0x000000070c100000|  0%| F|  |TAMS 0x000000070c000000, 0x000000070c000000| Untracked 
| 165|0x000000070c100000, 0x000000070c100000, 0x000000070c200000|  0%| F|  |TAMS 0x000000070c100000, 0x000000070c100000| Untracked 
| 166|0x000000070c200000, 0x000000070c200000, 0x000000070c300000|  0%| F|  |TAMS 0x000000070c200000, 0x000000070c200000| Untracked 
| 167|0x000000070c300000, 0x000000070c300000, 0x000000070c400000|  0%| F|  |TAMS 0x000000070c300000, 0x000000070c300000| Untracked 
| 168|0x000000070c400000, 0x000000070c400000, 0x000000070c500000|  0%| F|  |TAMS 0x000000070c400000, 0x000000070c400000| Untracked 
| 169|0x000000070c500000, 0x000000070c500000, 0x000000070c600000|  0%| F|  |TAMS 0x000000070c500000, 0x000000070c500000| Untracked 
| 170|0x000000070c600000, 0x000000070c600000, 0x000000070c700000|  0%| F|  |TAMS 0x000000070c600000, 0x000000070c600000| Untracked 
| 171|0x000000070c700000, 0x000000070c700000, 0x000000070c800000|  0%| F|  |TAMS 0x000000070c700000, 0x000000070c700000| Untracked 
| 172|0x000000070c800000, 0x000000070c800000, 0x000000070c900000|  0%| F|  |TAMS 0x000000070c800000, 0x000000070c800000| Untracked 
| 173|0x000000070c900000, 0x000000070c900000, 0x000000070ca00000|  0%| F|  |TAMS 0x000000070c900000, 0x000000070c900000| Untracked 
| 174|0x000000070ca00000, 0x000000070ca00000, 0x000000070cb00000|  0%| F|  |TAMS 0x000000070ca00000, 0x000000070ca00000| Untracked 
| 175|0x000000070cb00000, 0x000000070cb00000, 0x000000070cc00000|  0%| F|  |TAMS 0x000000070cb00000, 0x000000070cb00000| Untracked 
| 176|0x000000070cc00000, 0x000000070cc00000, 0x000000070cd00000|  0%| F|  |TAMS 0x000000070cc00000, 0x000000070cc00000| Untracked 
| 177|0x000000070cd00000, 0x000000070cd00000, 0x000000070ce00000|  0%| F|  |TAMS 0x000000070cd00000, 0x000000070cd00000| Untracked 
| 178|0x000000070ce00000, 0x000000070ce00000, 0x000000070cf00000|  0%| F|  |TAMS 0x000000070ce00000, 0x000000070ce00000| Untracked 
| 179|0x000000070cf00000, 0x000000070cf00000, 0x000000070d000000|  0%| F|  |TAMS 0x000000070cf00000, 0x000000070cf00000| Untracked 
| 180|0x000000070d000000, 0x000000070d000000, 0x000000070d100000|  0%| F|  |TAMS 0x000000070d000000, 0x000000070d000000| Untracked 
| 181|0x000000070d100000, 0x000000070d100000, 0x000000070d200000|  0%| F|  |TAMS 0x000000070d100000, 0x000000070d100000| Untracked 
| 182|0x000000070d200000, 0x000000070d200000, 0x000000070d300000|  0%| F|  |TAMS 0x000000070d200000, 0x000000070d200000| Untracked 
| 183|0x000000070d300000, 0x000000070d300000, 0x000000070d400000|  0%| F|  |TAMS 0x000000070d300000, 0x000000070d300000| Untracked 
| 184|0x000000070d400000, 0x000000070d400000, 0x000000070d500000|  0%| F|  |TAMS 0x000000070d400000, 0x000000070d400000| Untracked 
| 185|0x000000070d500000, 0x000000070d500000, 0x000000070d600000|  0%| F|  |TAMS 0x000000070d500000, 0x000000070d500000| Untracked 
| 186|0x000000070d600000, 0x000000070d600000, 0x000000070d700000|  0%| F|  |TAMS 0x000000070d600000, 0x000000070d600000| Untracked 
| 187|0x000000070d700000, 0x000000070d700000, 0x000000070d800000|  0%| F|  |TAMS 0x000000070d700000, 0x000000070d700000| Untracked 
| 188|0x000000070d800000, 0x000000070d800000, 0x000000070d900000|  0%| F|  |TAMS 0x000000070d800000, 0x000000070d800000| Untracked 
| 189|0x000000070d900000, 0x000000070d900000, 0x000000070da00000|  0%| F|  |TAMS 0x000000070d900000, 0x000000070d900000| Untracked 
| 190|0x000000070da00000, 0x000000070da00000, 0x000000070db00000|  0%| F|  |TAMS 0x000000070da00000, 0x000000070da00000| Untracked 
| 191|0x000000070db00000, 0x000000070db00000, 0x000000070dc00000|  0%| F|  |TAMS 0x000000070db00000, 0x000000070db00000| Untracked 
| 192|0x000000070dc00000, 0x000000070dc00000, 0x000000070dd00000|  0%| F|  |TAMS 0x000000070dc00000, 0x000000070dc00000| Untracked 
| 193|0x000000070dd00000, 0x000000070dd00000, 0x000000070de00000|  0%| F|  |TAMS 0x000000070dd00000, 0x000000070dd00000| Untracked 
| 194|0x000000070de00000, 0x000000070de00000, 0x000000070df00000|  0%| F|  |TAMS 0x000000070de00000, 0x000000070de00000| Untracked 
| 195|0x000000070df00000, 0x000000070df00000, 0x000000070e000000|  0%| F|  |TAMS 0x000000070df00000, 0x000000070df00000| Untracked 
| 196|0x000000070e000000, 0x000000070e000000, 0x000000070e100000|  0%| F|  |TAMS 0x000000070e000000, 0x000000070e000000| Untracked 
| 197|0x000000070e100000, 0x000000070e100000, 0x000000070e200000|  0%| F|  |TAMS 0x000000070e100000, 0x000000070e100000| Untracked 
| 198|0x000000070e200000, 0x000000070e200000, 0x000000070e300000|  0%| F|  |TAMS 0x000000070e200000, 0x000000070e200000| Untracked 
| 199|0x000000070e300000, 0x000000070e300000, 0x000000070e400000|  0%| F|  |TAMS 0x000000070e300000, 0x000000070e300000| Untracked 
| 200|0x000000070e400000, 0x000000070e400000, 0x000000070e500000|  0%| F|  |TAMS 0x000000070e400000, 0x000000070e400000| Untracked 
| 201|0x000000070e500000, 0x000000070e500000, 0x000000070e600000|  0%| F|  |TAMS 0x000000070e500000, 0x000000070e500000| Untracked 
| 202|0x000000070e600000, 0x000000070e600000, 0x000000070e700000|  0%| F|  |TAMS 0x000000070e600000, 0x000000070e600000| Untracked 
| 203|0x000000070e700000, 0x000000070e700000, 0x000000070e800000|  0%| F|  |TAMS 0x000000070e700000, 0x000000070e700000| Untracked 
| 204|0x000000070e800000, 0x000000070e800000, 0x000000070e900000|  0%| F|  |TAMS 0x000000070e800000, 0x000000070e800000| Untracked 
| 205|0x000000070e900000, 0x000000070e900000, 0x000000070ea00000|  0%| F|  |TAMS 0x000000070e900000, 0x000000070e900000| Untracked 
| 206|0x000000070ea00000, 0x000000070ea00000, 0x000000070eb00000|  0%| F|  |TAMS 0x000000070ea00000, 0x000000070ea00000| Untracked 
| 207|0x000000070eb00000, 0x000000070eb00000, 0x000000070ec00000|  0%| F|  |TAMS 0x000000070eb00000, 0x000000070eb00000| Untracked 
| 208|0x000000070ec00000, 0x000000070ec00000, 0x000000070ed00000|  0%| F|  |TAMS 0x000000070ec00000, 0x000000070ec00000| Untracked 
| 209|0x000000070ed00000, 0x000000070ed00000, 0x000000070ee00000|  0%| F|  |TAMS 0x000000070ed00000, 0x000000070ed00000| Untracked 
| 210|0x000000070ee00000, 0x000000070ee00000, 0x000000070ef00000|  0%| F|  |TAMS 0x000000070ee00000, 0x000000070ee00000| Untracked 
| 211|0x000000070ef00000, 0x000000070ef00000, 0x000000070f000000|  0%| F|  |TAMS 0x000000070ef00000, 0x000000070ef00000| Untracked 
| 212|0x000000070f000000, 0x000000070f000000, 0x000000070f100000|  0%| F|  |TAMS 0x000000070f000000, 0x000000070f000000| Untracked 
| 213|0x000000070f100000, 0x000000070f100000, 0x000000070f200000|  0%| F|  |TAMS 0x000000070f100000, 0x000000070f100000| Untracked 
| 214|0x000000070f200000, 0x000000070f287fd0, 0x000000070f300000| 53%| S|CS|TAMS 0x000000070f200000, 0x000000070f200000| Complete 
| 215|0x000000070f300000, 0x000000070f400000, 0x000000070f400000|100%| S|CS|TAMS 0x000000070f300000, 0x000000070f300000| Complete 
| 216|0x000000070f400000, 0x000000070f500000, 0x000000070f500000|100%| S|CS|TAMS 0x000000070f400000, 0x000000070f400000| Complete 
| 217|0x000000070f500000, 0x000000070f600000, 0x000000070f600000|100%| S|CS|TAMS 0x000000070f500000, 0x000000070f500000| Complete 
| 218|0x000000070f600000, 0x000000070f600000, 0x000000070f700000|  0%| F|  |TAMS 0x000000070f600000, 0x000000070f600000| Untracked 
| 219|0x000000070f700000, 0x000000070f700000, 0x000000070f800000|  0%| F|  |TAMS 0x000000070f700000, 0x000000070f700000| Untracked 
| 220|0x000000070f800000, 0x000000070f800000, 0x000000070f900000|  0%| F|  |TAMS 0x000000070f800000, 0x000000070f800000| Untracked 
| 221|0x000000070f900000, 0x000000070f900000, 0x000000070fa00000|  0%| F|  |TAMS 0x000000070f900000, 0x000000070f900000| Untracked 
| 222|0x000000070fa00000, 0x000000070fa00000, 0x000000070fb00000|  0%| F|  |TAMS 0x000000070fa00000, 0x000000070fa00000| Untracked 
| 223|0x000000070fb00000, 0x000000070fb00000, 0x000000070fc00000|  0%| F|  |TAMS 0x000000070fb00000, 0x000000070fb00000| Untracked 
| 224|0x000000070fc00000, 0x000000070fd00000, 0x000000070fd00000|100%| S|CS|TAMS 0x000000070fc00000, 0x000000070fc00000| Complete 
| 225|0x000000070fd00000, 0x000000070fd89010, 0x000000070fe00000| 53%| E|  |TAMS 0x000000070fd00000, 0x000000070fd00000| Complete 
| 226|0x000000070fe00000, 0x000000070ff00000, 0x000000070ff00000|100%| E|CS|TAMS 0x000000070fe00000, 0x000000070fe00000| Complete 
| 227|0x000000070ff00000, 0x0000000710000000, 0x0000000710000000|100%| E|CS|TAMS 0x000000070ff00000, 0x000000070ff00000| Complete 
| 228|0x0000000710000000, 0x0000000710100000, 0x0000000710100000|100%| E|CS|TAMS 0x0000000710000000, 0x0000000710000000| Complete 
| 229|0x0000000710100000, 0x0000000710200000, 0x0000000710200000|100%| E|CS|TAMS 0x0000000710100000, 0x0000000710100000| Complete 
| 230|0x0000000710200000, 0x0000000710300000, 0x0000000710300000|100%| E|CS|TAMS 0x0000000710200000, 0x0000000710200000| Complete 
| 231|0x0000000710300000, 0x0000000710400000, 0x0000000710400000|100%| E|CS|TAMS 0x0000000710300000, 0x0000000710300000| Complete 
| 232|0x0000000710400000, 0x0000000710500000, 0x0000000710500000|100%| E|CS|TAMS 0x0000000710400000, 0x0000000710400000| Complete 
| 233|0x0000000710500000, 0x0000000710600000, 0x0000000710600000|100%| E|CS|TAMS 0x0000000710500000, 0x0000000710500000| Complete 
| 234|0x0000000710600000, 0x0000000710700000, 0x0000000710700000|100%| E|CS|TAMS 0x0000000710600000, 0x0000000710600000| Complete 
| 235|0x0000000710700000, 0x0000000710800000, 0x0000000710800000|100%| E|CS|TAMS 0x0000000710700000, 0x0000000710700000| Complete 
| 236|0x0000000710800000, 0x0000000710900000, 0x0000000710900000|100%| E|CS|TAMS 0x0000000710800000, 0x0000000710800000| Complete 
| 237|0x0000000710900000, 0x0000000710a00000, 0x0000000710a00000|100%| E|CS|TAMS 0x0000000710900000, 0x0000000710900000| Complete 
| 238|0x0000000710a00000, 0x0000000710b00000, 0x0000000710b00000|100%| E|CS|TAMS 0x0000000710a00000, 0x0000000710a00000| Complete 
| 239|0x0000000710b00000, 0x0000000710c00000, 0x0000000710c00000|100%| E|CS|TAMS 0x0000000710b00000, 0x0000000710b00000| Complete 
| 240|0x0000000710c00000, 0x0000000710d00000, 0x0000000710d00000|100%| E|CS|TAMS 0x0000000710c00000, 0x0000000710c00000| Complete 
| 241|0x0000000710d00000, 0x0000000710e00000, 0x0000000710e00000|100%| E|CS|TAMS 0x0000000710d00000, 0x0000000710d00000| Complete 
| 242|0x0000000710e00000, 0x0000000710f00000, 0x0000000710f00000|100%| E|CS|TAMS 0x0000000710e00000, 0x0000000710e00000| Complete 
| 243|0x0000000710f00000, 0x0000000711000000, 0x0000000711000000|100%| E|CS|TAMS 0x0000000710f00000, 0x0000000710f00000| Complete 
| 244|0x0000000711000000, 0x0000000711100000, 0x0000000711100000|100%| E|CS|TAMS 0x0000000711000000, 0x0000000711000000| Complete 
| 245|0x0000000711100000, 0x0000000711200000, 0x0000000711200000|100%| E|  |TAMS 0x0000000711100000, 0x0000000711100000| Complete 
| 246|0x0000000711200000, 0x0000000711300000, 0x0000000711300000|100%| E|CS|TAMS 0x0000000711200000, 0x0000000711200000| Complete 
| 247|0x0000000711300000, 0x0000000711400000, 0x0000000711400000|100%| E|CS|TAMS 0x0000000711300000, 0x0000000711300000| Complete 
| 248|0x0000000711400000, 0x0000000711500000, 0x0000000711500000|100%| E|CS|TAMS 0x0000000711400000, 0x0000000711400000| Complete 
| 249|0x0000000711500000, 0x0000000711600000, 0x0000000711600000|100%| E|CS|TAMS 0x0000000711500000, 0x0000000711500000| Complete 
| 250|0x0000000711600000, 0x0000000711700000, 0x0000000711700000|100%| E|CS|TAMS 0x0000000711600000, 0x0000000711600000| Complete 
| 251|0x0000000711700000, 0x0000000711800000, 0x0000000711800000|100%| E|CS|TAMS 0x0000000711700000, 0x0000000711700000| Complete 
| 252|0x0000000711800000, 0x0000000711900000, 0x0000000711900000|100%| E|CS|TAMS 0x0000000711800000, 0x0000000711800000| Complete 
| 253|0x0000000711900000, 0x0000000711a00000, 0x0000000711a00000|100%| E|CS|TAMS 0x0000000711900000, 0x0000000711900000| Complete 
| 254|0x0000000711a00000, 0x0000000711b00000, 0x0000000711b00000|100%| E|CS|TAMS 0x0000000711a00000, 0x0000000711a00000| Complete 
| 255|0x0000000711b00000, 0x0000000711c00000, 0x0000000711c00000|100%| E|CS|TAMS 0x0000000711b00000, 0x0000000711b00000| Complete 

Card table byte_map: [0x0000029ec1d00000,0x0000029ec2500000] _byte_map_base: 0x0000029ebe4f2000

Marking Bits (Prev, Next): (CMBitMap*) 0x0000029ea9e27260, (CMBitMap*) 0x0000029ea9e27228
 Prev Bits: [0x0000029ec6c90000, 0x0000029ecac20000)
 Next Bits: [0x0000029ec2d00000, 0x0000029ec6c90000)

Polling page: 0x0000029ea7d50000

Metaspace:

Usage:
  Non-class:     22.21 MB capacity,    21.91 MB ( 99%) used,   259.25 KB (  1%) free+waste,    44.00 KB ( <1%) overhead. 
      Class:      2.62 MB capacity,     2.47 MB ( 95%) used,   126.88 KB (  5%) free+waste,    18.81 KB ( <1%) overhead. 
       Both:     24.83 MB capacity,    24.39 MB ( 98%) used,   386.13 KB (  2%) free+waste,    62.81 KB ( <1%) overhead. 

Virtual space:
  Non-class space:       26.00 MB reserved,      22.25 MB ( 86%) committed 
      Class space:        1.00 GB reserved,       2.63 MB ( <1%) committed 
             Both:        1.03 GB reserved,      24.88 MB (  2%) committed 

Chunk freelists:
   Non-Class:  2.00 KB
       Class:  8.00 KB
        Both:  10.00 KB

MaxMetaspaceSize: 17179869184.00 GB
CompressedClassSpaceSize: 1.00 GB
Initial GC threshold: 20.80 MB
Current GC threshold: 35.20 MB
CDS: off

CodeHeap 'non-profiled nmethods': size=120064Kb used=1016Kb max_used=1016Kb free=119047Kb
 bounds [0x0000029eb9fc0000, 0x0000029eba230000, 0x0000029ec1500000]
CodeHeap 'profiled nmethods': size=120000Kb used=5617Kb max_used=5617Kb free=114382Kb
 bounds [0x0000029eb2a90000, 0x0000029eb3010000, 0x0000029eb9fc0000]
CodeHeap 'non-nmethods': size=5696Kb used=1209Kb max_used=1235Kb free=4486Kb
 bounds [0x0000029eb2500000, 0x0000029eb2770000, 0x0000029eb2a90000]
 total_blobs=3237 nmethods=2762 adapters=387
 compilation: enabled
              stopped_count=0, restarted_count=0
 full_count=0

Compilation events (20 events):
Event: 8.447 Thread 0x0000029ecda2c000 2711       1       com.sun.xml.bind.v2.model.impl.RuntimeClassInfoImpl::getLocatorField (5 bytes)
Event: 8.447 Thread 0x0000029ecda28800 2712       4       java.lang.reflect.Method::copy (84 bytes)
Event: 8.448 Thread 0x0000029ecda2c000 nmethod 2711 0x0000029eba0a9690 code [0x0000029eba0a9840, 0x0000029eba0a98f8]
Event: 8.448 Thread 0x0000029ecda2c000 2713       1       com.sun.xml.bind.v2.model.impl.SingleTypePropertyInfoImpl::getAccessor (5 bytes)
Event: 8.448 Thread 0x0000029ecda2c000 nmethod 2713 0x0000029eba0a9990 code [0x0000029eba0a9b40, 0x0000029eba0a9bf8]
Event: 8.448 Thread 0x0000029ecda2c000 2714       3       com.sun.xml.bind.v2.model.impl.ClassInfoImpl::isElement (13 bytes)
Event: 8.448 Thread 0x0000029ecda2c000 nmethod 2714 0x0000029eb3005e10 code [0x0000029eb3005fc0, 0x0000029eb3006118]
Event: 8.448 Thread 0x0000029ecda2c000 2715       3       com.sun.xml.bind.v2.runtime.ClassBeanInfoImpl::getLoader (85 bytes)
Event: 8.449 Thread 0x0000029ecda2c000 nmethod 2715 0x0000029eb3006190 code [0x0000029eb30063e0, 0x0000029eb3006dc8]
Event: 8.449 Thread 0x0000029ecda2c000 2716       3       com.sun.xml.bind.v2.model.impl.RuntimeClassInfoImpl::getAttributeWildcard (43 bytes)
Event: 8.449 Thread 0x0000029ecda2c000 nmethod 2716 0x0000029eb3007090 code [0x0000029eb3007280, 0x0000029eb3007868]
Event: 8.449 Thread 0x0000029ecda2c000 2717       1       com.sun.xml.bind.v2.model.impl.ClassInfoImpl::hasSubClasses (5 bytes)
Event: 8.449 Thread 0x0000029ecda2c000 nmethod 2717 0x0000029eba0a9c90 code [0x0000029eba0a9e40, 0x0000029eba0a9ef8]
Event: 8.449 Thread 0x0000029ecda2c000 2718       1       com.sun.xml.bind.v2.runtime.property.UnmarshallerChain::getScopeSize (5 bytes)
Event: 8.449 Thread 0x0000029ecda2c000 nmethod 2718 0x0000029eba0a9f90 code [0x0000029eba0aa140, 0x0000029eba0aa1f8]
Event: 8.449 Thread 0x0000029ecda2c000 2719       3       com.sun.xml.bind.v2.util.QNameMap::put (14 bytes)
Event: 8.449 Thread 0x0000029ecda2c000 nmethod 2719 0x0000029eb3007a10 code [0x0000029eb3007be0, 0x0000029eb3007d88]
Event: 8.450 Thread 0x0000029ecda2c000 2721       3       com.sun.xml.bind.v2.runtime.property.PropertyImpl::wrapUp (1 bytes)
Event: 8.450 Thread 0x0000029ecda2c000 nmethod 2721 0x0000029eb3007e90 code [0x0000029eb3008040, 0x0000029eb3008138]
Event: 8.450 Thread 0x0000029ecda2c000 2722       3       java.util.regex.Pattern::compile (498 bytes)

GC Heap History (4 events):
Event: 5.279 GC heap before
{Heap before GC invocations=0 (full 0):
 garbage-first heap   total 262144K, used 14336K [0x0000000701c00000, 0x0000000800000000)
  region size 1024K, 14 young (14336K), 0 survivors (0K)
 Metaspace       used 11189K, capacity 11323K, committed 11392K, reserved 1058816K
  class space    used 1030K, capacity 1090K, committed 1152K, reserved 1048576K
}
Event: 5.493 GC heap after
{Heap after GC invocations=1 (full 0):
 garbage-first heap   total 262144K, used 2768K [0x0000000701c00000, 0x0000000800000000)
  region size 1024K, 2 young (2048K), 2 survivors (2048K)
 Metaspace       used 11189K, capacity 11323K, committed 11392K, reserved 1058816K
  class space    used 1030K, capacity 1090K, committed 1152K, reserved 1048576K
}
Event: 7.375 GC heap before
{Heap before GC invocations=1 (full 0):
 garbage-first heap   total 262144K, used 32464K [0x0000000701c00000, 0x0000000800000000)
  region size 1024K, 32 young (32768K), 2 survivors (2048K)
 Metaspace       used 20848K, capacity 21191K, committed 21296K, reserved 1069056K
  class space    used 2058K, capacity 2172K, committed 2176K, reserved 1048576K
}
Event: 7.385 GC heap after
{Heap after GC invocations=2 (full 0):
 garbage-first heap   total 262144K, used 6454K [0x0000000701c00000, 0x0000000800000000)
  region size 1024K, 6 young (6144K), 6 survivors (6144K)
 Metaspace       used 20848K, capacity 21191K, committed 21296K, reserved 1069056K
  class space    used 2058K, capacity 2172K, committed 2176K, reserved 1048576K
}

Deoptimization events (20 events):
Event: 7.871 Thread 0x0000029ea9dc9800 Uncommon trap: trap_request=0xffffffde fr.pc=0x0000029eba07047c relative=0x000000000000047c
Event: 7.871 Thread 0x0000029ea9dc9800 Uncommon trap: reason=class_check action=maybe_recompile pc=0x0000029eba07047c method=java.util.regex.Pattern$NotBehind.match(Ljava/util/regex/Matcher;ILjava/lang/CharSequence;)Z @ 125 c2
Event: 7.871 Thread 0x0000029ea9dc9800 DEOPT PACKING pc=0x0000029eba07047c sp=0x000000c2176fdda0
Event: 7.871 Thread 0x0000029ea9dc9800 DEOPT UNPACKING pc=0x0000029eb254a1af sp=0x000000c2176fdd18 mode 2
Event: 7.871 Thread 0x0000029ea9dc9800 Uncommon trap: trap_request=0xffffffde fr.pc=0x0000029eba07047c relative=0x000000000000047c
Event: 7.871 Thread 0x0000029ea9dc9800 Uncommon trap: reason=class_check action=maybe_recompile pc=0x0000029eba07047c method=java.util.regex.Pattern$NotBehind.match(Ljava/util/regex/Matcher;ILjava/lang/CharSequence;)Z @ 125 c2
Event: 7.871 Thread 0x0000029ea9dc9800 DEOPT PACKING pc=0x0000029eba07047c sp=0x000000c2176fdda0
Event: 7.871 Thread 0x0000029ea9dc9800 DEOPT UNPACKING pc=0x0000029eb254a1af sp=0x000000c2176fdd18 mode 2
Event: 7.871 Thread 0x0000029ea9dc9800 Uncommon trap: trap_request=0xffffffde fr.pc=0x0000029eba07047c relative=0x000000000000047c
Event: 7.871 Thread 0x0000029ea9dc9800 Uncommon trap: reason=class_check action=maybe_recompile pc=0x0000029eba07047c method=java.util.regex.Pattern$NotBehind.match(Ljava/util/regex/Matcher;ILjava/lang/CharSequence;)Z @ 125 c2
Event: 7.871 Thread 0x0000029ea9dc9800 DEOPT PACKING pc=0x0000029eba07047c sp=0x000000c2176fdda0
Event: 7.871 Thread 0x0000029ea9dc9800 DEOPT UNPACKING pc=0x0000029eb254a1af sp=0x000000c2176fdd18 mode 2
Event: 7.871 Thread 0x0000029ea9dc9800 Uncommon trap: trap_request=0xffffffde fr.pc=0x0000029eba07047c relative=0x000000000000047c
Event: 7.871 Thread 0x0000029ea9dc9800 Uncommon trap: reason=class_check action=maybe_recompile pc=0x0000029eba07047c method=java.util.regex.Pattern$NotBehind.match(Ljava/util/regex/Matcher;ILjava/lang/CharSequence;)Z @ 125 c2
Event: 7.871 Thread 0x0000029ea9dc9800 DEOPT PACKING pc=0x0000029eba07047c sp=0x000000c2176fdda0
Event: 7.871 Thread 0x0000029ea9dc9800 DEOPT UNPACKING pc=0x0000029eb254a1af sp=0x000000c2176fdd18 mode 2
Event: 8.285 Thread 0x0000029ecef68800 DEOPT PACKING pc=0x0000029eb2ee5d5b sp=0x000000c218ffdad0
Event: 8.285 Thread 0x0000029ecef68800 DEOPT UNPACKING pc=0x0000029eb254a95e sp=0x000000c218ffcf00 mode 0
Event: 8.314 Thread 0x0000029ecef82000 DEOPT PACKING pc=0x0000029eb2f25cc7 sp=0x000000c2199fe350
Event: 8.314 Thread 0x0000029ecef82000 DEOPT UNPACKING pc=0x0000029eb254a95e sp=0x000000c2199fd7e8 mode 0

Classes redefined (0 events):
No events

Internal exceptions (20 events):
Event: 6.465 Thread 0x0000029ea9dc9800 Exception <a 'sun/nio/fs/WindowsException'{0x00000007106cccf0}> (0x00000007106cccf0) thrown at [./src/hotspot/share/prims/jni.cpp, line 616]
Event: 6.465 Thread 0x0000029ea9dc9800 Exception <a 'sun/nio/fs/WindowsException'{0x00000007106cd050}> (0x00000007106cd050) thrown at [./src/hotspot/share/prims/jni.cpp, line 616]
Event: 6.465 Thread 0x0000029ea9dc9800 Exception <a 'sun/nio/fs/WindowsException'{0x00000007106cd890}> (0x00000007106cd890) thrown at [./src/hotspot/share/prims/jni.cpp, line 616]
Event: 6.465 Thread 0x0000029ea9dc9800 Exception <a 'sun/nio/fs/WindowsException'{0x00000007106cdf98}> (0x00000007106cdf98) thrown at [./src/hotspot/share/prims/jni.cpp, line 616]
Event: 6.465 Thread 0x0000029ea9dc9800 Exception <a 'sun/nio/fs/WindowsException'{0x00000007106ce4c8}> (0x00000007106ce4c8) thrown at [./src/hotspot/share/prims/jni.cpp, line 616]
Event: 6.465 Thread 0x0000029ea9dc9800 Exception <a 'sun/nio/fs/WindowsException'{0x00000007106cebe0}> (0x00000007106cebe0) thrown at [./src/hotspot/share/prims/jni.cpp, line 616]
Event: 6.465 Thread 0x0000029ea9dc9800 Exception <a 'sun/nio/fs/WindowsException'{0x00000007106cf540}> (0x00000007106cf540) thrown at [./src/hotspot/share/prims/jni.cpp, line 616]
Event: 6.466 Thread 0x0000029ea9dc9800 Exception <a 'sun/nio/fs/WindowsException'{0x00000007106cf8b8}> (0x00000007106cf8b8) thrown at [./src/hotspot/share/prims/jni.cpp, line 616]
Event: 6.487 Thread 0x0000029ea9dc9800 Exception <a 'java/lang/NoSuchMethodError'{0x0000000710556c60}: 'int java.lang.invoke.DirectMethodHandle$Holder.invokeSpecialIFC(java.lang.Object, java.lang.Object, int)'> (0x0000000710556c60) thrown at [./src/hotspot/share/interpreter/linkResolver.cpp, line 773]
Event: 6.657 Thread 0x0000029ea9dc9800 Exception <a 'java/lang/NoSuchMethodError'{0x000000071047eb78}: 'java.lang.Object java.lang.invoke.DirectMethodHandle$Holder.invokeStaticInit(java.lang.Object, int, int, int, int)'> (0x000000071047eb78) thrown at [./src/hotspot/share/interpreter/linkResolver.cpp, line 773]
Event: 6.657 Thread 0x0000029ea9dc9800 Exception <a 'sun/nio/fs/WindowsException'{0x00000007104850d8}> (0x00000007104850d8) thrown at [./src/hotspot/share/prims/jni.cpp, line 616]
Event: 6.663 Thread 0x0000029ea9dc9800 Exception <a 'java/lang/NoSuchMethodError'{0x00000007104a3bc0}: 'int java.lang.invoke.DirectMethodHandle$Holder.invokeStaticInit(java.lang.Object, java.lang.Object, java.lang.Object, java.lang.Object)'> (0x00000007104a3bc0) thrown at [./src/hotspot/share/interpreter/linkResolver.cpp, line 773]
Event: 6.663 Thread 0x0000029ea9dc9800 Exception <a 'java/lang/IncompatibleClassChangeError'{0x00000007104ace30}: Found class java.lang.Object, but interface was expected> (0x00000007104ace30) thrown at [./src/hotspot/share/interpreter/linkResolver.cpp, line 839]
Event: 6.663 Thread 0x0000029ea9dc9800 Exception <a 'java/lang/NoSuchMethodError'{0x00000007104afc80}: 'void java.lang.invoke.DirectMethodHandle$Holder.invokeStaticInit(java.lang.Object, java.lang.Object)'> (0x00000007104afc80) thrown at [./src/hotspot/share/interpreter/linkResolver.cpp, line 773]
Event: 6.664 Thread 0x0000029ea9dc9800 Exception <a 'java/lang/NoSuchMethodError'{0x00000007104b5150}: 'int java.lang.invoke.DirectMethodHandle$Holder.invokeStaticInit(java.lang.Object, java.lang.Object)'> (0x00000007104b5150) thrown at [./src/hotspot/share/interpreter/linkResolver.cpp, line 773]
Event: 7.348 Thread 0x0000029ea9dc9800 Exception <a 'java/lang/NoSuchMethodError'{0x000000070fc0b5b0}: 'java.lang.Object java.lang.invoke.DirectMethodHandle$Holder.invokeStaticInit(java.lang.Object, java.lang.Object, int, int, int, int)'> (0x000000070fc0b5b0) thrown at [./src/hotspot/share/interpreter/linkResolver.cpp, line 773]
Event: 7.874 Thread 0x0000029ea9dc9800 Exception <a 'sun/nio/fs/WindowsException'{0x00000007115db080}> (0x00000007115db080) thrown at [./src/hotspot/share/prims/jni.cpp, line 616]
Event: 7.874 Thread 0x0000029ea9dc9800 Exception <a 'java/lang/NoSuchMethodError'{0x00000007115dbdb8}: 'int java.lang.invoke.DirectMethodHandle$Holder.invokeInterface(java.lang.Object, java.lang.Object)'> (0x00000007115dbdb8) thrown at [./src/hotspot/share/interpreter/linkResolver.cpp, line 773]
Event: 7.878 Thread 0x0000029ea9dc9800 Exception <a 'java/lang/NoSuchMethodError'{0x00000007115e53b8}: 'void java.lang.invoke.DirectMethodHandle$Holder.invokeStatic(java.lang.Object, int, java.lang.Object)'> (0x00000007115e53b8) thrown at [./src/hotspot/share/interpreter/linkResolver.cpp, line 773]
Event: 7.881 Thread 0x0000029ea9dc9800 Exception <a 'java/lang/NoSuchMethodError'{0x00000007115f6ea0}: 'java.lang.Object java.lang.invoke.Invokers$Holder.linkToTargetMethod(java.lang.Object, java.lang.Object, java.lang.Object, java.lang.Object, java.lang.Object, java.lang.Object)'> (0x00000007115f6ea0) thrown at [./src/hotspot/share/interpreter/linkResolver.cpp, line 773]

Events (20 events):
Event: 8.432 Thread 0x0000029eced99800 Thread exited: 0x0000029eced99800
Event: 8.432 Thread 0x0000029eced97000 Thread exited: 0x0000029eced97000
Event: 8.434 Thread 0x0000029eced9d800 Thread exited: 0x0000029eced9d800
Event: 8.438 Thread 0x0000029ecef7e000 Thread exited: 0x0000029ecef7e000
Event: 8.438 Thread 0x0000029ecef70800 Thread exited: 0x0000029ecef70800
Event: 8.441 Thread 0x0000029eced9c800 Thread exited: 0x0000029eced9c800
Event: 8.447 Thread 0x0000029ecef7e800 Thread exited: 0x0000029ecef7e800
Event: 8.447 Thread 0x0000029ecef5f800 Thread exited: 0x0000029ecef5f800
Event: 8.447 Thread 0x0000029ecef71800 Thread exited: 0x0000029ecef71800
Event: 8.447 Thread 0x0000029eced9c000 Thread exited: 0x0000029eced9c000
Event: 8.447 Thread 0x0000029ecef82000 Thread exited: 0x0000029ecef82000
Event: 8.447 Thread 0x0000029eced9b000 Thread exited: 0x0000029eced9b000
Event: 8.447 Thread 0x0000029eced98000 Thread exited: 0x0000029eced98000
Event: 8.448 Thread 0x0000029eced9e800 Thread exited: 0x0000029eced9e800
Event: 8.448 Executing VM operation: RevokeBias
Event: 8.448 Executing VM operation: RevokeBias done
Event: 8.448 Thread 0x0000029eced98800 Thread exited: 0x0000029eced98800
Event: 8.448 Executing VM operation: RevokeBias
Event: 8.448 Executing VM operation: RevokeBias done
Event: 8.451 Executing VM operation: RevokeBias


Dynamic libraries:
0x00007ff62d730000 - 0x00007ff62d73d000 	E:\Unity\2022.3.24f1\Editor\Data\PlaybackEngines\AndroidPlayer\OpenJDK\bin\java.exe
0x00007ffea0b70000 - 0x00007ffea0d68000 	C:\WINDOWS\SYSTEM32\ntdll.dll
0x00007ffe9fcf0000 - 0x00007ffe9fdad000 	C:\WINDOWS\System32\KERNEL32.DLL
0x00007ffe9e850000 - 0x00007ffe9eb46000 	C:\WINDOWS\System32\KERNELBASE.dll
0x00007ffe9e2e0000 - 0x00007ffe9e3e0000 	C:\WINDOWS\System32\ucrtbase.dll
0x00007ffe61340000 - 0x00007ffe61357000 	E:\Unity\2022.3.24f1\Editor\Data\PlaybackEngines\AndroidPlayer\OpenJDK\bin\jli.dll
0x00007ffe9fea0000 - 0x00007ffea003f000 	C:\WINDOWS\System32\USER32.dll
0x00007ffe9e540000 - 0x00007ffe9e562000 	C:\WINDOWS\System32\win32u.dll
0x00007ffe9ed20000 - 0x00007ffe9ed4b000 	C:\WINDOWS\System32\GDI32.dll
0x00007ffe9e680000 - 0x00007ffe9e797000 	C:\WINDOWS\System32\gdi32full.dll
0x00007ffe9e5e0000 - 0x00007ffe9e67d000 	C:\WINDOWS\System32\msvcp_win.dll
0x00007ffe5fdc0000 - 0x00007ffe5fdd5000 	E:\Unity\2022.3.24f1\Editor\Data\PlaybackEngines\AndroidPlayer\OpenJDK\bin\VCRUNTIME140.dll
0x00007ffe90190000 - 0x00007ffe9042a000 	C:\WINDOWS\WinSxS\amd64_microsoft.windows.common-controls_6595b64144ccf1df_6.0.19041.4355_none_60b8b9eb71f62e16\COMCTL32.dll
0x00007ffe9f750000 - 0x00007ffe9f7ee000 	C:\WINDOWS\System32\msvcrt.dll
0x00007ffea0ae0000 - 0x00007ffea0b12000 	C:\WINDOWS\System32\IMM32.DLL
0x00007ffe5f290000 - 0x00007ffe5f32b000 	E:\Unity\2022.3.24f1\Editor\Data\PlaybackEngines\AndroidPlayer\OpenJDK\bin\msvcp140.dll
0x00007ffe34190000 - 0x00007ffe34d11000 	E:\Unity\2022.3.24f1\Editor\Data\PlaybackEngines\AndroidPlayer\OpenJDK\bin\server\jvm.dll
0x00007ffea0850000 - 0x00007ffea0900000 	C:\WINDOWS\System32\ADVAPI32.dll
0x00007ffea07b0000 - 0x00007ffea0850000 	C:\WINDOWS\System32\sechost.dll
0x00007ffe9ed50000 - 0x00007ffe9ee73000 	C:\WINDOWS\System32\RPCRT4.dll
0x00007ffe9e2b0000 - 0x00007ffe9e2d7000 	C:\WINDOWS\System32\bcrypt.dll
0x00007ffe9fdb0000 - 0x00007ffe9fdb8000 	C:\WINDOWS\System32\PSAPI.DLL
0x00007ffe5c860000 - 0x00007ffe5c869000 	C:\WINDOWS\SYSTEM32\WSOCK32.dll
0x00007ffe9fc60000 - 0x00007ffe9fccb000 	C:\WINDOWS\System32\WS2_32.dll
0x00007ffe94940000 - 0x00007ffe94967000 	C:\WINDOWS\SYSTEM32\WINMM.dll
0x00007ffe94970000 - 0x00007ffe9497a000 	C:\WINDOWS\SYSTEM32\VERSION.dll
0x00007ffe9c0c0000 - 0x00007ffe9c0d2000 	C:\WINDOWS\SYSTEM32\kernel.appcore.dll
0x00007ffe6bdb0000 - 0x00007ffe6bdc0000 	E:\Unity\2022.3.24f1\Editor\Data\PlaybackEngines\AndroidPlayer\OpenJDK\bin\verify.dll
0x00007ffe98920000 - 0x00007ffe98b04000 	C:\WINDOWS\SYSTEM32\DBGHELP.DLL
0x00007ffe925e0000 - 0x00007ffe92614000 	C:\WINDOWS\SYSTEM32\dbgcore.DLL
0x00007ffe9e220000 - 0x00007ffe9e2a2000 	C:\WINDOWS\System32\bcryptPrimitives.dll
0x00007ffe5f1b0000 - 0x00007ffe5f1d8000 	E:\Unity\2022.3.24f1\Editor\Data\PlaybackEngines\AndroidPlayer\OpenJDK\bin\java.dll
0x00007ffe60c70000 - 0x00007ffe60c7a000 	E:\Unity\2022.3.24f1\Editor\Data\PlaybackEngines\AndroidPlayer\OpenJDK\bin\jimage.dll
0x00007ffe5f190000 - 0x00007ffe5f1a8000 	E:\Unity\2022.3.24f1\Editor\Data\PlaybackEngines\AndroidPlayer\OpenJDK\bin\zip.dll
0x00007ffea0040000 - 0x00007ffea07ab000 	C:\WINDOWS\System32\SHELL32.dll
0x00007ffe9c2c0000 - 0x00007ffe9ca5d000 	C:\WINDOWS\SYSTEM32\windows.storage.dll
0x00007ffe9f300000 - 0x00007ffe9f653000 	C:\WINDOWS\System32\combase.dll
0x00007ffe9dc40000 - 0x00007ffe9dc6e000 	C:\WINDOWS\SYSTEM32\Wldp.dll
0x00007ffe9eba0000 - 0x00007ffe9ec6d000 	C:\WINDOWS\System32\OLEAUT32.dll
0x00007ffe9f090000 - 0x00007ffe9f13d000 	C:\WINDOWS\System32\SHCORE.dll
0x00007ffea0a80000 - 0x00007ffea0ad5000 	C:\WINDOWS\System32\shlwapi.dll
0x00007ffe9e150000 - 0x00007ffe9e174000 	C:\WINDOWS\SYSTEM32\profapi.dll
0x00007ffe4ec90000 - 0x00007ffe4eca9000 	E:\Unity\2022.3.24f1\Editor\Data\PlaybackEngines\AndroidPlayer\OpenJDK\bin\net.dll
0x00007ffe940a0000 - 0x00007ffe941aa000 	C:\WINDOWS\SYSTEM32\WINHTTP.dll
0x00007ffe9d9a0000 - 0x00007ffe9da0a000 	C:\WINDOWS\system32\mswsock.dll
0x00007ffe4ec70000 - 0x00007ffe4ec83000 	E:\Unity\2022.3.24f1\Editor\Data\PlaybackEngines\AndroidPlayer\OpenJDK\bin\nio.dll
0x00007ffe94490000 - 0x00007ffe9449e000 	E:\Unity\2022.3.24f1\Editor\Data\PlaybackEngines\AndroidPlayer\OpenJDK\bin\sunmscapi.dll
0x00007ffe9e3e0000 - 0x00007ffe9e53e000 	C:\WINDOWS\System32\CRYPT32.dll
0x00007ffe9dcb0000 - 0x00007ffe9dcd9000 	C:\WINDOWS\SYSTEM32\ncrypt.dll
0x00007ffe9dc70000 - 0x00007ffe9dcab000 	C:\WINDOWS\SYSTEM32\NTASN1.dll
0x00007ffe4ce80000 - 0x00007ffe4cea5000 	E:\Unity\2022.3.24f1\Editor\Data\PlaybackEngines\AndroidPlayer\OpenJDK\bin\sunec.dll
0x00007ffe9db90000 - 0x00007ffe9dba8000 	C:\WINDOWS\SYSTEM32\CRYPTSP.dll
0x00007ffe9d250000 - 0x00007ffe9d284000 	C:\WINDOWS\system32\rsaenh.dll
0x00007ffe9e0c0000 - 0x00007ffe9e0ee000 	C:\WINDOWS\SYSTEM32\USERENV.dll
0x00007ffe9dbb0000 - 0x00007ffe9dbbc000 	C:\WINDOWS\SYSTEM32\CRYPTBASE.dll
0x00007ffe9d630000 - 0x00007ffe9d66b000 	C:\WINDOWS\SYSTEM32\IPHLPAPI.DLL
0x00007ffea0b20000 - 0x00007ffea0b28000 	C:\WINDOWS\System32\NSI.dll
0x00007ffe94ab0000 - 0x00007ffe94ac7000 	C:\WINDOWS\SYSTEM32\dhcpcsvc6.DLL
0x00007ffe94a90000 - 0x00007ffe94aad000 	C:\WINDOWS\SYSTEM32\dhcpcsvc.DLL
0x00007ffe9d680000 - 0x00007ffe9d74b000 	C:\WINDOWS\SYSTEM32\DNSAPI.dll
0x00007ffe93890000 - 0x00007ffe9389a000 	C:\Windows\System32\rasadhlp.dll
0x00007ffe937b0000 - 0x00007ffe93830000 	C:\WINDOWS\System32\fwpuclnt.dll

dbghelp: loaded successfully - version: 4.0.5 - missing functions: none
symbol engine: initialized successfully - sym options: 0x614 - pdb path: .;E:\Unity\2022.3.24f1\Editor\Data\PlaybackEngines\AndroidPlayer\OpenJDK\bin;C:\WINDOWS\SYSTEM32;C:\WINDOWS\WinSxS\amd64_microsoft.windows.common-controls_6595b64144ccf1df_6.0.19041.4355_none_60b8b9eb71f62e16;E:\Unity\2022.3.24f1\Editor\Data\PlaybackEngines\AndroidPlayer\OpenJDK\bin\server

VM Arguments:
jvm_args: -Dfile.encoding=UTF-8 -Dcom.android.sdklib.toolsdir=E:\Unity\2022.3.24f1\Editor\Data\PlaybackEngines\AndroidPlayer\SDK\cmdline-tools\6.0\bin\\.. 
java_command: com.android.sdklib.tool.sdkmanager.SdkManagerCli --list
java_class_path (initial): E:\Unity\2022.3.24f1\Editor\Data\PlaybackEngines\AndroidPlayer\SDK\cmdline-tools\6.0\bin\..\lib\sdkmanager-classpath.jar
Launcher Type: SUN_STANDARD

[Global flags]
     intx CICompilerCount                          = 3                                         {product} {ergonomic}
     uint ConcGCThreads                            = 1                                         {product} {ergonomic}
     uint G1ConcRefinementThreads                  = 4                                         {product} {ergonomic}
   size_t G1HeapRegionSize                         = 1048576                                   {product} {ergonomic}
    uintx GCDrainStackTargetSize                   = 64                                        {product} {ergonomic}
   size_t InitialHeapSize                          = 268435456                                 {product} {ergonomic}
   size_t MarkStackSize                            = 4194304                                   {product} {ergonomic}
   size_t MaxHeapSize                              = 4265607168                                {product} {ergonomic}
   size_t MaxNewSize                               = 2558525440                                {product} {ergonomic}
   size_t MinHeapDeltaBytes                        = 1048576                                   {product} {ergonomic}
    uintx NonNMethodCodeHeapSize                   = 5830732                                {pd product} {ergonomic}
    uintx NonProfiledCodeHeapSize                  = 122913754                              {pd product} {ergonomic}
    uintx ProfiledCodeHeapSize                     = 122913754                              {pd product} {ergonomic}
    uintx ReservedCodeCacheSize                    = 251658240                              {pd product} {ergonomic}
     bool SegmentedCodeCache                       = true                                      {product} {ergonomic}
     bool UseCompressedClassPointers               = true                                 {lp64_product} {ergonomic}
     bool UseCompressedOops                        = true                                 {lp64_product} {ergonomic}
     bool UseG1GC                                  = true                                      {product} {ergonomic}
     bool UseLargePagesIndividualAllocation        = false                                  {pd product} {ergonomic}

Logging:
Log output configuration:
 #0: stdout all=warning uptime,level,tags
 #1: stderr all=off uptime,level,tags

Environment Variables:
JAVA_HOME=E:\Unity\2022.3.24f1\Editor\Data\PlaybackEngines\AndroidPlayer\OpenJDK
JAVA_TOOL_OPTIONS=-Dfile.encoding=UTF-8
CLASSPATH=E:\Unity\2022.3.24f1\Editor\Data\PlaybackEngines\AndroidPlayer\SDK\cmdline-tools\6.0\bin\..\lib\sdkmanager-classpath.jar
PATH=c:\program files (x86)\common files\oracle\java\javapath;c:\windows\system32;c:\windows;c:\windows\system32\wbem;c:\windows\system32\windowspowershell\v1.0\;c:\windows\system32\openssh\;c:\program files\bandizip\;c:\windows\system32;c:\windows;c:\windows\system32\wbem;c:\windows\system32\windowspowershell\v1.0\;c:\windows\system32\openssh\;c:\program files (x86)\network associates\pgp;c:\program files\dotnet\;C:\Program Files (x86)\NVIDIA Corporation\PhysX\Common;C:\Program Files\Microsoft SQL Server\150\Tools\Binn\;C:\Program Files\Microsoft SQL Server\Client SDK\ODBC\170\Tools\Binn\;B:\Git\cmd;C:\Users\pinja\AppData\Local\Programs\Python\Python310\Scripts\;C:\Users\pinja\AppData\Local\Programs\Python\Python310\;C:\Users\pinja\AppData\Local\Programs\Python\Python311\Scripts\;C:\Users\pinja\AppData\Local\Programs\Python\Python311\;C:\Users\pinja\AppData\Local\Microsoft\WindowsApps;;B:\VCStudio\Microsoft VS Code\bin;C:\Users\pinja\.dotnet\tools;C:\Program Files\JetBrains\PyCharm Community Edition 2022.3.2\bin;;B:\IntelliJ IDEA Community Edition 2023.1.2\bin;
USERNAME=User
OS=Windows_NT
PROCESSOR_IDENTIFIER=Intel64 Family 6 Model 94 Stepping 3, GenuineIntel



---------------  S Y S T E M  ---------------

OS: Windows 10 , 64 bit Build 19041 (10.0.19041.3636)
OS uptime: 0 days 21:16 hours

CPU:total 4 (initial active 4) (4 cores per cpu, 1 threads per core) family 6 model 94 stepping 3 microcode 0xcc, cmov, cx8, fxsr, mmx, sse, sse2, sse3, ssse3, sse4.1, sse4.2, popcnt, avx, avx2, aes, clmul, erms, rtm, 3dnowpref, lzcnt, tsc, tscinvbit, bmi1, bmi2, adx, fma

Memory: 4k page, system-wide physical 16271M (3166M free)
TotalPageFile size 28271M (AvailPageFile size 0M)
current process WorkingSet (physical memory assigned to process): 134M, peak: 134M
current process commit charge ("private bytes"): 374M, peak: 374M

vm_info: OpenJDK 64-Bit Server VM (11.0.14.1+1) for windows-amd64 JRE (11.0.14.1+1), built on Feb  9 2022 01:48:27 by "" with unknown MS VC++:1916

END.
